# JRE version: OpenJDK Runtime Environment Temurin-21.0.10+7 (21.0.10+7) (build 21.0.10+7-LTS)
# Java VM: OpenJDK 64-Bit Server VM Temurin-21.0.10+7 (21.0.10+7-LTS, mixed mode, sharing, tiered, compressed oops, compressed class ptrs, parallel gc, windows-amd64)
GC Precious Log:
 CardTable entry size: 512
 CPUs: 8 total, 8 available
 Memory: 8035M
 Large Page Support: Disabled
 NUMA Support: Disabled
 Compressed Oops: Enabled (32-bit)
 Alignments: Space 512K, Generation 512K, Heap 2M
 Heap Min Capacity: 100M
 Heap Initial Capacity: 100M
 Heap Max Capacity: 2G
 Pre-touch: Disabled
 Parallel Workers: 8
Heap:
 PSYoungGen      total 23040K, used 17229K [0x00000000d5580000, 0x00000000d6e00000, 0x0000000100000000)
  eden space 20992K, 74% used [0x00000000d5580000,0x00000000d64cb708,0x00000000d6a00000)
  from space 2048K, 76% used [0x00000000d6b00000,0x00000000d6c88000,0x00000000d6d00000)
  to   space 1024K, 0% used [0x00000000d6d00000,0x00000000d6d00000,0x00000000d6e00000)
 ParOldGen       total 68608K, used 67474K [0x0000000080000000, 0x0000000084300000, 0x00000000d5580000)
  object space 68608K, 98% used [0x0000000080000000,0x00000000841e4a30,0x0000000084300000)
 Metaspace       used 61821K, committed 63296K, reserved 1114112K
  class space    used 7216K, committed 7808K, reserved 1048576K
GC Heap History (20 events):
Event: 255.613 GC heap before
{Heap before GC invocations=45 (full 3):
 PSYoungGen      total 23552K, used 23524K [0x00000000d5580000, 0x00000000d6f00000, 0x0000000100000000)
  eden space 20992K, 100% used [0x00000000d5580000,0x00000000d6a00000,0x00000000d6a00000)
  from space 2560K, 98% used [0x00000000d6a00000,0x00000000d6c79000,0x00000000d6c80000)
  to   space 2560K, 0% used [0x00000000d6c80000,0x00000000d6c80000,0x00000000d6f00000)
 ParOldGen       total 68608K, used 49763K [0x0000000080000000, 0x0000000084300000, 0x00000000d5580000)
  object space 68608K, 72% used [0x0000000080000000,0x0000000083098e98,0x0000000084300000)
 Metaspace       used 60327K, committed 61760K, reserved 1114112K
  class space    used 7106K, committed 7680K, reserved 1048576K
}
Event: 255.624 GC heap after
{Heap after GC invocations=45 (full 3):
 PSYoungGen      total 23552K, used 2208K [0x00000000d5580000, 0x00000000d6f00000, 0x0000000100000000)
  eden space 20992K, 0% used [0x00000000d5580000,0x00000000d5580000,0x00000000d6a00000)
  from space 2560K, 86% used [0x00000000d6c80000,0x00000000d6ea8000,0x00000000d6f00000)
  to   space 2560K, 0% used [0x00000000d6a00000,0x00000000d6a00000,0x00000000d6c80000)
 ParOldGen       total 68608K, used 52143K [0x0000000080000000, 0x0000000084300000, 0x00000000d5580000)
  object space 68608K, 76% used [0x0000000080000000,0x00000000832ebe70,0x0000000084300000)
 Metaspace       used 60327K, committed 61760K, reserved 1114112K
  class space    used 7106K, committed 7680K, reserved 1048576K
}
Event: 256.339 GC heap before
{Heap before GC invocations=46 (full 3):
 PSYoungGen      total 23552K, used 23200K [0x00000000d5580000, 0x00000000d6f00000, 0x0000000100000000)
  eden space 20992K, 100% used [0x00000000d5580000,0x00000000d6a00000,0x00000000d6a00000)
  from space 2560K, 86% used [0x00000000d6c80000,0x00000000d6ea8000,0x00000000d6f00000)
  to   space 2560K, 0% used [0x00000000d6a00000,0x00000000d6a00000,0x00000000d6c80000)
 ParOldGen       total 68608K, used 52143K [0x0000000080000000, 0x0000000084300000, 0x00000000d5580000)
  object space 68608K, 76% used [0x0000000080000000,0x00000000832ebe70,0x0000000084300000)
 Metaspace       used 60408K, committed 61824K, reserved 1114112K
  class space    used 7116K, committed 7744K, reserved 1048576K
}
Event: 256.346 GC heap after
{Heap after GC invocations=46 (full 3):
 PSYoungGen      total 23552K, used 2296K [0x00000000d5580000, 0x00000000d6f00000, 0x0000000100000000)
  eden space 20992K, 0% used [0x00000000d5580000,0x00000000d5580000,0x00000000d6a00000)
  from space 2560K, 89% used [0x00000000d6a00000,0x00000000d6c3e210,0x00000000d6c80000)
  to   space 2560K, 0% used [0x00000000d6c80000,0x00000000d6c80000,0x00000000d6f00000)
 ParOldGen       total 68608K, used 54223K [0x0000000080000000, 0x0000000084300000, 0x00000000d5580000)
  object space 68608K, 79% used [0x0000000080000000,0x00000000834f3e70,0x0000000084300000)
 Metaspace       used 60408K, committed 61824K, reserved 1114112K
  class space    used 7116K, committed 7744K, reserved 1048576K
}
Event: 257.597 GC heap before
{Heap before GC invocations=47 (full 3):
 PSYoungGen      total 23552K, used 23288K [0x00000000d5580000, 0x00000000d6f00000, 0x0000000100000000)
  eden space 20992K, 100% used [0x00000000d5580000,0x00000000d6a00000,0x00000000d6a00000)
  from space 2560K, 89% used [0x00000000d6a00000,0x00000000d6c3e210,0x00000000d6c80000)
  to   space 2560K, 0% used [0x00000000d6c80000,0x00000000d6c80000,0x00000000d6f00000)
 ParOldGen       total 68608K, used 54223K [0x0000000080000000, 0x0000000084300000, 0x00000000d5580000)
  object space 68608K, 79% used [0x0000000080000000,0x00000000834f3e70,0x0000000084300000)
 Metaspace       used 61133K, committed 62592K, reserved 1114112K
  class space    used 7186K, committed 7808K, reserved 1048576K
}
Event: 257.606 GC heap after
{Heap after GC invocations=47 (full 3):
 PSYoungGen      total 23552K, used 1952K [0x00000000d5580000, 0x00000000d6f00000, 0x0000000100000000)
  eden space 20992K, 0% used [0x00000000d5580000,0x00000000d5580000,0x00000000d6a00000)
  from space 2560K, 76% used [0x00000000d6c80000,0x00000000d6e680a0,0x00000000d6f00000)
  to   space 2560K, 0% used [0x00000000d6a00000,0x00000000d6a00000,0x00000000d6c80000)
 ParOldGen       total 68608K, used 56408K [0x0000000080000000, 0x0000000084300000, 0x00000000d5580000)
  object space 68608K, 82% used [0x0000000080000000,0x0000000083716080,0x0000000084300000)
 Metaspace       used 61133K, committed 62592K, reserved 1114112K
  class space    used 7186K, committed 7808K, reserved 1048576K
}
Event: 258.875 GC heap before
{Heap before GC invocations=48 (full 3):
 PSYoungGen      total 23552K, used 22944K [0x00000000d5580000, 0x00000000d6f00000, 0x0000000100000000)
  eden space 20992K, 100% used [0x00000000d5580000,0x00000000d6a00000,0x00000000d6a00000)
  from space 2560K, 76% used [0x00000000d6c80000,0x00000000d6e680a0,0x00000000d6f00000)
  to   space 2560K, 0% used [0x00000000d6a00000,0x00000000d6a00000,0x00000000d6c80000)
 ParOldGen       total 68608K, used 56408K [0x0000000080000000, 0x0000000084300000, 0x00000000d5580000)
  object space 68608K, 82% used [0x0000000080000000,0x0000000083716080,0x0000000084300000)
 Metaspace       used 61553K, committed 62976K, reserved 1114112K
  class space    used 7207K, committed 7808K, reserved 1048576K
}
Event: 258.882 GC heap after
{Heap after GC invocations=48 (full 3):
 PSYoungGen      total 22528K, used 1504K [0x00000000d5580000, 0x00000000d6e00000, 0x0000000100000000)
  eden space 20992K, 0% used [0x00000000d5580000,0x00000000d5580000,0x00000000d6a00000)
  from space 1536K, 97% used [0x00000000d6a00000,0x00000000d6b78030,0x00000000d6b80000)
  to   space 2048K, 0% used [0x00000000d6c00000,0x00000000d6c00000,0x00000000d6e00000)
 ParOldGen       total 68608K, used 58077K [0x0000000080000000, 0x0000000084300000, 0x00000000d5580000)
  object space 68608K, 84% used [0x0000000080000000,0x00000000838b7568,0x0000000084300000)
 Metaspace       used 61553K, committed 62976K, reserved 1114112K
  class space    used 7207K, committed 7808K, reserved 1048576K
}
Event: 259.296 GC heap before
{Heap before GC invocations=49 (full 3):
 PSYoungGen      total 22528K, used 22496K [0x00000000d5580000, 0x00000000d6e00000, 0x0000000100000000)
  eden space 20992K, 100% used [0x00000000d5580000,0x00000000d6a00000,0x00000000d6a00000)
  from space 1536K, 97% used [0x00000000d6a00000,0x00000000d6b78030,0x00000000d6b80000)
  to   space 2048K, 0% used [0x00000000d6c00000,0x00000000d6c00000,0x00000000d6e00000)
 ParOldGen       total 68608K, used 58077K [0x0000000080000000, 0x0000000084300000, 0x00000000d5580000)
  object space 68608K, 84% used [0x0000000080000000,0x00000000838b7568,0x0000000084300000)
 Metaspace       used 61565K, committed 63040K, reserved 1114112K
  class space    used 7207K, committed 7808K, reserved 1048576K
}
Event: 259.301 GC heap after
{Heap after GC invocations=49 (full 3):
 PSYoungGen      total 23040K, used 1952K [0x00000000d5580000, 0x00000000d6e00000, 0x0000000100000000)
  eden space 20992K, 0% used [0x00000000d5580000,0x00000000d5580000,0x00000000d6a00000)
  from space 2048K, 95% used [0x00000000d6c00000,0x00000000d6de8010,0x00000000d6e00000)
  to   space 2048K, 0% used [0x00000000d6a00000,0x00000000d6a00000,0x00000000d6c00000)
 ParOldGen       total 68608K, used 59474K [0x0000000080000000, 0x0000000084300000, 0x00000000d5580000)
  object space 68608K, 86% used [0x0000000080000000,0x0000000083a14a28,0x0000000084300000)
 Metaspace       used 61565K, committed 63040K, reserved 1114112K
  class space    used 7207K, committed 7808K, reserved 1048576K
}
Event: 260.232 GC heap before
{Heap before GC invocations=50 (full 3):
 PSYoungGen      total 23040K, used 22944K [0x00000000d5580000, 0x00000000d6e00000, 0x0000000100000000)
  eden space 20992K, 100% used [0x00000000d5580000,0x00000000d6a00000,0x00000000d6a00000)
  from space 2048K, 95% used [0x00000000d6c00000,0x00000000d6de8010,0x00000000d6e00000)
  to   space 2048K, 0% used [0x00000000d6a00000,0x00000000d6a00000,0x00000000d6c00000)
 ParOldGen       total 68608K, used 59474K [0x0000000080000000, 0x0000000084300000, 0x00000000d5580000)
  object space 68608K, 86% used [0x0000000080000000,0x0000000083a14a28,0x0000000084300000)
 Metaspace       used 61588K, committed 63040K, reserved 1114112K
  class space    used 7207K, committed 7808K, reserved 1048576K
}
Event: 260.238 GC heap after
{Heap after GC invocations=50 (full 3):
 PSYoungGen      total 23040K, used 2016K [0x00000000d5580000, 0x00000000d7300000, 0x0000000100000000)
  eden space 20992K, 0% used [0x00000000d5580000,0x00000000d5580000,0x00000000d6a00000)
  from space 2048K, 98% used [0x00000000d6a00000,0x00000000d6bf8040,0x00000000d6c00000)
  to   space 4608K, 0% used [0x00000000d6e80000,0x00000000d6e80000,0x00000000d7300000)
 ParOldGen       total 68608K, used 61338K [0x0000000080000000, 0x0000000084300000, 0x00000000d5580000)
  object space 68608K, 89% used [0x0000000080000000,0x0000000083be6a28,0x0000000084300000)
 Metaspace       used 61588K, committed 63040K, reserved 1114112K
  class space    used 7207K, committed 7808K, reserved 1048576K
}
Event: 260.750 GC heap before
{Heap before GC invocations=51 (full 3):
 PSYoungGen      total 23040K, used 23008K [0x00000000d5580000, 0x00000000d7300000, 0x0000000100000000)
  eden space 20992K, 100% used [0x00000000d5580000,0x00000000d6a00000,0x00000000d6a00000)
  from space 2048K, 98% used [0x00000000d6a00000,0x00000000d6bf8040,0x00000000d6c00000)
  to   space 4608K, 0% used [0x00000000d6e80000,0x00000000d6e80000,0x00000000d7300000)
 ParOldGen       total 68608K, used 61338K [0x0000000080000000, 0x0000000084300000, 0x00000000d5580000)
  object space 68608K, 89% used [0x0000000080000000,0x0000000083be6a28,0x0000000084300000)
 Metaspace       used 61595K, committed 63104K, reserved 1114112K
  class space    used 7207K, committed 7808K, reserved 1048576K
}
Event: 260.756 GC heap after
{Heap after GC invocations=51 (full 3):
 PSYoungGen      total 23040K, used 1632K [0x00000000d5580000, 0x00000000d7080000, 0x0000000100000000)
  eden space 20992K, 0% used [0x00000000d5580000,0x00000000d5580000,0x00000000d6a00000)
  from space 2048K, 79% used [0x00000000d6e80000,0x00000000d7018000,0x00000000d7080000)
  to   space 2560K, 0% used [0x00000000d6b80000,0x00000000d6b80000,0x00000000d6e00000)
 ParOldGen       total 68608K, used 63057K [0x0000000080000000, 0x0000000084300000, 0x00000000d5580000)
  object space 68608K, 91% used [0x0000000080000000,0x0000000083d946c8,0x0000000084300000)
 Metaspace       used 61595K, committed 63104K, reserved 1114112K
  class space    used 7207K, committed 7808K, reserved 1048576K
}
Event: 261.030 GC heap before
{Heap before GC invocations=52 (full 3):
 PSYoungGen      total 23040K, used 22624K [0x00000000d5580000, 0x00000000d7080000, 0x0000000100000000)
  eden space 20992K, 100% used [0x00000000d5580000,0x00000000d6a00000,0x00000000d6a00000)
  from space 2048K, 79% used [0x00000000d6e80000,0x00000000d7018000,0x00000000d7080000)
  to   space 2560K, 0% used [0x00000000d6b80000,0x00000000d6b80000,0x00000000d6e00000)
 ParOldGen       total 68608K, used 63057K [0x0000000080000000, 0x0000000084300000, 0x00000000d5580000)
  object space 68608K, 91% used [0x0000000080000000,0x0000000083d946c8,0x0000000084300000)
 Metaspace       used 61599K, committed 63104K, reserved 1114112K
  class space    used 7207K, committed 7808K, reserved 1048576K
}
Event: 261.035 GC heap after
{Heap after GC invocations=52 (full 3):
 PSYoungGen      total 22528K, used 1504K [0x00000000d5580000, 0x00000000d6f00000, 0x0000000100000000)
  eden space 20992K, 0% used [0x00000000d5580000,0x00000000d5580000,0x00000000d6a00000)
  from space 1536K, 97% used [0x00000000d6b80000,0x00000000d6cf8000,0x00000000d6d00000)
  to   space 2048K, 0% used [0x00000000d6d00000,0x00000000d6d00000,0x00000000d6f00000)
 ParOldGen       total 68608K, used 64485K [0x0000000080000000, 0x0000000084300000, 0x00000000d5580000)
  object space 68608K, 93% used [0x0000000080000000,0x0000000083ef94f8,0x0000000084300000)
 Metaspace       used 61599K, committed 63104K, reserved 1114112K
  class space    used 7207K, committed 7808K, reserved 1048576K
}
Event: 261.434 GC heap before
{Heap before GC invocations=53 (full 3):
 PSYoungGen      total 22528K, used 22496K [0x00000000d5580000, 0x00000000d6f00000, 0x0000000100000000)
  eden space 20992K, 100% used [0x00000000d5580000,0x00000000d6a00000,0x00000000d6a00000)
  from space 1536K, 97% used [0x00000000d6b80000,0x00000000d6cf8000,0x00000000d6d00000)
  to   space 2048K, 0% used [0x00000000d6d00000,0x00000000d6d00000,0x00000000d6f00000)
 ParOldGen       total 68608K, used 64485K [0x0000000080000000, 0x0000000084300000, 0x00000000d5580000)
  object space 68608K, 93% used [0x0000000080000000,0x0000000083ef94f8,0x0000000084300000)
 Metaspace       used 61624K, committed 63104K, reserved 1114112K
  class space    used 7208K, committed 7808K, reserved 1048576K
}
Event: 261.441 GC heap after
{Heap after GC invocations=53 (full 3):
 PSYoungGen      total 23040K, used 1760K [0x00000000d5580000, 0x00000000d6f00000, 0x0000000100000000)
  eden space 20992K, 0% used [0x00000000d5580000,0x00000000d5580000,0x00000000d6a00000)
  from space 2048K, 85% used [0x00000000d6d00000,0x00000000d6eb8010,0x00000000d6f00000)
  to   space 2048K, 0% used [0x00000000d6b00000,0x00000000d6b00000,0x00000000d6d00000)
 ParOldGen       total 68608K, used 65842K [0x0000000080000000, 0x0000000084300000, 0x00000000d5580000)
  object space 68608K, 95% used [0x0000000080000000,0x000000008404ca20,0x0000000084300000)
 Metaspace       used 61624K, committed 63104K, reserved 1114112K
  class space    used 7208K, committed 7808K, reserved 1048576K
}
Event: 261.818 GC heap before
{Heap before GC invocations=54 (full 3):
 PSYoungGen      total 23040K, used 22752K [0x00000000d5580000, 0x00000000d6f00000, 0x0000000100000000)
  eden space 20992K, 100% used [0x00000000d5580000,0x00000000d6a00000,0x00000000d6a00000)
  from space 2048K, 85% used [0x00000000d6d00000,0x00000000d6eb8010,0x00000000d6f00000)
  to   space 2048K, 0% used [0x00000000d6b00000,0x00000000d6b00000,0x00000000d6d00000)
 ParOldGen       total 68608K, used 65842K [0x0000000080000000, 0x0000000084300000, 0x00000000d5580000)
  object space 68608K, 95% used [0x0000000080000000,0x000000008404ca20,0x0000000084300000)
 Metaspace       used 61658K, committed 63104K, reserved 1114112K
  class space    used 7210K, committed 7808K, reserved 1048576K
}
Event: 261.829 GC heap after
{Heap after GC invocations=54 (full 3):
 PSYoungGen      total 23040K, used 1568K [0x00000000d5580000, 0x00000000d6e00000, 0x0000000100000000)
  eden space 20992K, 0% used [0x00000000d5580000,0x00000000d5580000,0x00000000d6a00000)
  from space 2048K, 76% used [0x00000000d6b00000,0x00000000d6c88000,0x00000000d6d00000)
  to   space 1024K, 0% used [0x00000000d6d00000,0x00000000d6d00000,0x00000000d6e00000)
 ParOldGen       total 68608K, used 67474K [0x0000000080000000, 0x0000000084300000, 0x00000000d5580000)
  object space 68608K, 98% used [0x0000000080000000,0x00000000841e4a30,0x0000000084300000)
 Metaspace       used 61658K, committed 63104K, reserved 1114112K
  class space    used 7210K, committed 7808K, reserved 1048576K
}

